[ 2026-03-21 22:24:11,578 ] 1025 httpx - INFO - HTTP Request: GET https://dagshub.com/api/v1/user "HTTP/1.1 200 OK"
[ 2026-03-21 22:24:11,581 ] 107 dagshub - INFO - Accessing as darshanintech
[ 2026-03-21 22:24:12,419 ] 1025 httpx - INFO - HTTP Request: GET https://dagshub.com/api/v1/repos/darshanintech/MLOPS-Network_Security "HTTP/1.1 200 OK"
[ 2026-03-21 22:24:13,234 ] 1025 httpx - INFO - HTTP Request: GET https://dagshub.com/api/v1/user "HTTP/1.1 200 OK"
[ 2026-03-21 22:24:13,235 ] 107 dagshub - INFO - Initialized MLflow to track repo "darshanintech/MLOPS-Network_Security"
[ 2026-03-21 22:24:13,235 ] 107 dagshub - INFO - Repository darshanintech/MLOPS-Network_Security initialized!
[ 2026-03-21 22:24:13,235 ] 20 root - INFO - Initiate the data ingestion
[ 2026-03-21 22:24:15,648 ] 63 root - INFO - Performed train test split on the dataframe
[ 2026-03-21 22:24:15,649 ] 65 root - INFO - Exited split_data_as_train_test method of Data_Ingestion class
[ 2026-03-21 22:24:15,649 ] 73 root - INFO - Exporting train and test file path.
[ 2026-03-21 22:24:15,678 ] 82 root - INFO - Exported train and test file path.
[ 2026-03-21 22:24:15,678 ] 22 root - INFO - Data Initiation Completed
[ 2026-03-21 22:24:15,682 ] 26 root - INFO - Initiate the data Validation
[ 2026-03-21 22:24:15,693 ] 32 root - INFO - Required number of columns:2
[ 2026-03-21 22:24:15,693 ] 33 root - INFO - Data frame has columns:31
[ 2026-03-21 22:24:15,693 ] 32 root - INFO - Required number of columns:2
[ 2026-03-21 22:24:15,693 ] 33 root - INFO - Data frame has columns:31
[ 2026-03-21 22:24:15,799 ] 28 root - INFO - data Validation Completed
[ 2026-03-21 22:24:15,799 ] 31 root - INFO - data Transformation started
[ 2026-03-21 22:24:15,799 ] 63 root - INFO - Entered initiate_data_transformation method of DataTransformation class
[ 2026-03-21 22:24:15,799 ] 65 root - INFO - Starting data transformation
[ 2026-03-21 22:24:15,814 ] 48 root - INFO - Entered get_data_trnasformer_object method of Trnasformation class
[ 2026-03-21 22:24:15,814 ] 53 root - INFO - Initialise KNNImputer with {'missing_values': nan, 'n_neighbors': 3, 'weights': 'uniform'}
[ 2026-03-21 22:24:15,823 ] 46 root - INFO - Entered the save_object method of MainUtils class
[ 2026-03-21 22:24:15,828 ] 50 root - INFO - Exited the save_object method of MainUtils class
[ 2026-03-21 22:24:15,829 ] 46 root - INFO - Entered the save_object method of MainUtils class
[ 2026-03-21 22:24:15,838 ] 50 root - INFO - Exited the save_object method of MainUtils class
[ 2026-03-21 22:24:15,839 ] 35 root - INFO - data Transformation completed
[ 2026-03-21 22:24:15,839 ] 37 root - INFO - Model Training sstared
[ 2026-03-21 22:26:35,283 ] 46 root - INFO - Entered the save_object method of MainUtils class
[ 2026-03-21 22:26:35,285 ] 50 root - INFO - Exited the save_object method of MainUtils class
[ 2026-03-21 22:26:35,285 ] 46 root - INFO - Entered the save_object method of MainUtils class
[ 2026-03-21 22:26:35,306 ] 50 root - INFO - Exited the save_object method of MainUtils class
[ 2026-03-21 22:26:35,306 ] 134 root - INFO - Model trainer artifact: ModelTrainerArtifact(trained_model_file_path='Artifacts/03_21_2026_22_24_08/model_trainer/trained_model/model.pkl', train_metric_artifact=ClassificationMetricArtifact(f1_score=0.9911880887268307, precision_score=0.9886845827439887, recall_score=0.9937043054427295), test_metric_artifact=ClassificationMetricArtifact(f1_score=0.9782608695652174, precision_score=0.9712230215827338, recall_score=0.9854014598540146))
[ 2026-03-21 22:26:35,308 ] 42 root - INFO - Model Training artifact created
