[ 2026-03-22 11:45:51,640 ] 1025 httpx - INFO - HTTP Request: GET https://dagshub.com/api/v1/user "HTTP/1.1 200 OK"
[ 2026-03-22 11:45:51,643 ] 107 dagshub - INFO - Accessing as darshanintech
[ 2026-03-22 11:45:52,457 ] 1025 httpx - INFO - HTTP Request: GET https://dagshub.com/api/v1/repos/darshanintech/MLOPS-Network_Security "HTTP/1.1 200 OK"
[ 2026-03-22 11:45:52,850 ] 1025 httpx - INFO - HTTP Request: GET https://dagshub.com/api/v1/user "HTTP/1.1 200 OK"
[ 2026-03-22 11:45:52,852 ] 107 dagshub - INFO - Initialized MLflow to track repo "darshanintech/MLOPS-Network_Security"
[ 2026-03-22 11:45:52,852 ] 107 dagshub - INFO - Repository darshanintech/MLOPS-Network_Security initialized!
[ 2026-03-22 11:45:53,239 ] 75 uvicorn.error - INFO - Started server process [27415]
[ 2026-03-22 11:45:53,240 ] 47 uvicorn.error - INFO - Waiting for application startup.
[ 2026-03-22 11:45:53,242 ] 61 uvicorn.error - INFO - Application startup complete.
[ 2026-03-22 11:46:00,526 ] 34 root - INFO - Start data Ingestion
[ 2026-03-22 11:46:03,012 ] 63 root - INFO - Performed train test split on the dataframe
[ 2026-03-22 11:46:03,012 ] 65 root - INFO - Exited split_data_as_train_test method of Data_Ingestion class
[ 2026-03-22 11:46:03,012 ] 73 root - INFO - Exporting train and test file path.
[ 2026-03-22 11:46:03,050 ] 82 root - INFO - Exported train and test file path.
[ 2026-03-22 11:46:03,051 ] 37 root - INFO - Data Ingestion completed and artifact: DataIngestionArtifact(trained_file_path='Artifacts/03_22_2026_11_45_48/data_ingestion/ingested/train.csv', test_file_path='Artifacts/03_22_2026_11_45_48/data_ingestion/ingested/test.csv')
[ 2026-03-22 11:46:03,058 ] 47 root - INFO - Initiate the data Validation
[ 2026-03-22 11:46:03,094 ] 32 root - INFO - Required number of columns:2
[ 2026-03-22 11:46:03,095 ] 33 root - INFO - Data frame has columns:31
[ 2026-03-22 11:46:03,095 ] 32 root - INFO - Required number of columns:2
[ 2026-03-22 11:46:03,095 ] 33 root - INFO - Data frame has columns:31
[ 2026-03-22 11:46:03,258 ] 63 root - INFO - Entered initiate_data_transformation method of DataTransformation class
[ 2026-03-22 11:46:03,258 ] 65 root - INFO - Starting data transformation
[ 2026-03-22 11:46:03,270 ] 48 root - INFO - Entered get_data_trnasformer_object method of Trnasformation class
[ 2026-03-22 11:46:03,271 ] 53 root - INFO - Initialise KNNImputer with {'missing_values': nan, 'n_neighbors': 3, 'weights': 'uniform'}
[ 2026-03-22 11:46:03,282 ] 46 root - INFO - Entered the save_object method of MainUtils class
[ 2026-03-22 11:46:03,288 ] 50 root - INFO - Exited the save_object method of MainUtils class
[ 2026-03-22 11:46:03,288 ] 46 root - INFO - Entered the save_object method of MainUtils class
[ 2026-03-22 11:46:03,298 ] 50 root - INFO - Exited the save_object method of MainUtils class
[ 2026-03-22 11:48:09,782 ] 98 root - INFO - Best model: Random Forest with score: 0.8828463799312828
[ 2026-03-22 11:51:31,342 ] 253 uvicorn.error - INFO - Shutting down
[ 2026-03-22 11:51:31,445 ] 66 uvicorn.error - INFO - Waiting for application shutdown.
[ 2026-03-22 11:51:31,447 ] 77 uvicorn.error - INFO - Application shutdown complete.
[ 2026-03-22 11:51:31,448 ] 85 uvicorn.error - INFO - Finished server process [27415]
