[ 2026-03-21 22:14:53,004 ] 1025 httpx - INFO - HTTP Request: GET https://dagshub.com/api/v1/user "HTTP/1.1 200 OK"
[ 2026-03-21 22:14:53,012 ] 107 dagshub - INFO - Accessing as darshanintech
[ 2026-03-21 22:14:53,870 ] 1025 httpx - INFO - HTTP Request: GET https://dagshub.com/api/v1/repos/darshanintech/MLOPS-Network_Security "HTTP/1.1 200 OK"
[ 2026-03-21 22:14:54,759 ] 1025 httpx - INFO - HTTP Request: GET https://dagshub.com/api/v1/user "HTTP/1.1 200 OK"
[ 2026-03-21 22:14:54,764 ] 107 dagshub - INFO - Initialized MLflow to track repo "darshanintech/MLOPS-Network_Security"
[ 2026-03-21 22:14:54,765 ] 107 dagshub - INFO - Repository darshanintech/MLOPS-Network_Security initialized!
[ 2026-03-21 22:14:54,766 ] 20 root - INFO - Initiate the data ingestion
[ 2026-03-21 22:14:57,105 ] 63 root - INFO - Performed train test split on the dataframe
[ 2026-03-21 22:14:57,105 ] 65 root - INFO - Exited split_data_as_train_test method of Data_Ingestion class
[ 2026-03-21 22:14:57,105 ] 73 root - INFO - Exporting train and test file path.
[ 2026-03-21 22:14:57,132 ] 82 root - INFO - Exported train and test file path.
[ 2026-03-21 22:14:57,132 ] 22 root - INFO - Data Initiation Completed
[ 2026-03-21 22:14:57,136 ] 26 root - INFO - Initiate the data Validation
[ 2026-03-21 22:14:57,146 ] 32 root - INFO - Required number of columns:2
[ 2026-03-21 22:14:57,146 ] 33 root - INFO - Data frame has columns:31
[ 2026-03-21 22:14:57,146 ] 32 root - INFO - Required number of columns:2
[ 2026-03-21 22:14:57,146 ] 33 root - INFO - Data frame has columns:31
[ 2026-03-21 22:14:57,247 ] 28 root - INFO - data Validation Completed
[ 2026-03-21 22:14:57,247 ] 31 root - INFO - data Transformation started
[ 2026-03-21 22:14:57,247 ] 63 root - INFO - Entered initiate_data_transformation method of DataTransformation class
[ 2026-03-21 22:14:57,247 ] 65 root - INFO - Starting data transformation
[ 2026-03-21 22:14:57,337 ] 48 root - INFO - Entered get_data_trnasformer_object method of Trnasformation class
[ 2026-03-21 22:14:57,337 ] 53 root - INFO - Initialise KNNImputer with {'missing_values': nan, 'n_neighbors': 3, 'weights': 'uniform'}
[ 2026-03-21 22:14:57,357 ] 46 root - INFO - Entered the save_object method of MainUtils class
[ 2026-03-21 22:14:57,363 ] 50 root - INFO - Exited the save_object method of MainUtils class
[ 2026-03-21 22:14:57,363 ] 46 root - INFO - Entered the save_object method of MainUtils class
[ 2026-03-21 22:14:57,387 ] 50 root - INFO - Exited the save_object method of MainUtils class
[ 2026-03-21 22:14:57,387 ] 35 root - INFO - data Transformation completed
[ 2026-03-21 22:14:57,387 ] 37 root - INFO - Model Training sstared
[ 2026-03-21 22:17:15,223 ] 46 root - INFO - Entered the save_object method of MainUtils class
[ 2026-03-21 22:17:15,224 ] 50 root - INFO - Exited the save_object method of MainUtils class
[ 2026-03-21 22:17:15,224 ] 46 root - INFO - Entered the save_object method of MainUtils class
[ 2026-03-21 22:17:15,245 ] 50 root - INFO - Exited the save_object method of MainUtils class
[ 2026-03-21 22:17:15,246 ] 137 root - INFO - Model trainer artifact: ModelTrainerArtifact(trained_model_file_path='Artifacts/03_21_2026_22_14_50/model_trainer/trained_model/model.pkl', train_metric_artifact=ClassificationMetricArtifact(f1_score=0.9912583858507826, precision_score=0.9896488735538868, recall_score=0.992873141926288), test_metric_artifact=ClassificationMetricArtifact(f1_score=0.9760765550239234, precision_score=0.9698890649762282, recall_score=0.9823434991974318))
[ 2026-03-21 22:17:15,249 ] 42 root - INFO - Model Training artifact created
