[ 2026-03-22 11:51:54,686 ] 1025 httpx - INFO - HTTP Request: GET https://dagshub.com/api/v1/user "HTTP/1.1 200 OK"
[ 2026-03-22 11:51:54,699 ] 107 dagshub - INFO - Accessing as darshanintech
[ 2026-03-22 11:51:55,586 ] 1025 httpx - INFO - HTTP Request: GET https://dagshub.com/api/v1/repos/darshanintech/MLOPS-Network_Security "HTTP/1.1 200 OK"
[ 2026-03-22 11:51:56,355 ] 1025 httpx - INFO - HTTP Request: GET https://dagshub.com/api/v1/user "HTTP/1.1 200 OK"
[ 2026-03-22 11:51:56,358 ] 107 dagshub - INFO - Initialized MLflow to track repo "darshanintech/MLOPS-Network_Security"
[ 2026-03-22 11:51:56,358 ] 107 dagshub - INFO - Repository darshanintech/MLOPS-Network_Security initialized!
[ 2026-03-22 11:51:56,517 ] 75 uvicorn.error - INFO - Started server process [32706]
[ 2026-03-22 11:51:56,517 ] 47 uvicorn.error - INFO - Waiting for application startup.
[ 2026-03-22 11:51:56,518 ] 61 uvicorn.error - INFO - Application startup complete.
[ 2026-03-22 11:52:03,352 ] 34 root - INFO - Start data Ingestion
[ 2026-03-22 11:52:05,985 ] 63 root - INFO - Performed train test split on the dataframe
[ 2026-03-22 11:52:05,985 ] 65 root - INFO - Exited split_data_as_train_test method of Data_Ingestion class
[ 2026-03-22 11:52:05,985 ] 73 root - INFO - Exporting train and test file path.
[ 2026-03-22 11:52:06,016 ] 82 root - INFO - Exported train and test file path.
[ 2026-03-22 11:52:06,016 ] 37 root - INFO - Data Ingestion completed and artifact: DataIngestionArtifact(trained_file_path='Artifacts/03_22_2026_11_51_51/data_ingestion/ingested/train.csv', test_file_path='Artifacts/03_22_2026_11_51_51/data_ingestion/ingested/test.csv')
[ 2026-03-22 11:52:06,019 ] 47 root - INFO - Initiate the data Validation
[ 2026-03-22 11:52:06,030 ] 32 root - INFO - Required number of columns:2
[ 2026-03-22 11:52:06,030 ] 33 root - INFO - Data frame has columns:31
[ 2026-03-22 11:52:06,030 ] 32 root - INFO - Required number of columns:2
[ 2026-03-22 11:52:06,030 ] 33 root - INFO - Data frame has columns:31
[ 2026-03-22 11:52:06,648 ] 63 root - INFO - Entered initiate_data_transformation method of DataTransformation class
[ 2026-03-22 11:52:06,659 ] 65 root - INFO - Starting data transformation
[ 2026-03-22 11:52:06,696 ] 48 root - INFO - Entered get_data_trnasformer_object method of Trnasformation class
[ 2026-03-22 11:52:06,697 ] 53 root - INFO - Initialise KNNImputer with {'missing_values': nan, 'n_neighbors': 3, 'weights': 'uniform'}
[ 2026-03-22 11:52:06,711 ] 46 root - INFO - Entered the save_object method of MainUtils class
[ 2026-03-22 11:52:06,718 ] 50 root - INFO - Exited the save_object method of MainUtils class
[ 2026-03-22 11:52:06,718 ] 46 root - INFO - Entered the save_object method of MainUtils class
[ 2026-03-22 11:52:06,728 ] 50 root - INFO - Exited the save_object method of MainUtils class
[ 2026-03-22 11:53:51,016 ] 98 root - INFO - Best model: Random Forest with score: 0.8833989521858576
[ 2026-03-22 11:54:14,625 ] 46 root - INFO - Entered the save_object method of MainUtils class
[ 2026-03-22 11:54:14,655 ] 50 root - INFO - Exited the save_object method of MainUtils class
[ 2026-03-22 11:54:14,656 ] 46 root - INFO - Entered the save_object method of MainUtils class
[ 2026-03-22 11:54:14,687 ] 50 root - INFO - Exited the save_object method of MainUtils class
[ 2026-03-22 11:54:14,687 ] 138 root - INFO - Model trainer artifact: ModelTrainerArtifact(trained_model_file_path='Artifacts/03_22_2026_11_51_51/model_trainer/trained_model/model.pkl', train_metric_artifact=ClassificationMetricArtifact(f1_score=0.9916557756107369, precision_score=0.9887730553327987, recall_score=0.9945553539019963), test_metric_artifact=ClassificationMetricArtifact(f1_score=0.9735537190082645, precision_score=0.9639934533551555, recall_score=0.9833055091819699))
[ 2026-03-22 11:58:19,299 ] 253 uvicorn.error - INFO - Shutting down
[ 2026-03-22 11:58:19,405 ] 66 uvicorn.error - INFO - Waiting for application shutdown.
[ 2026-03-22 11:58:19,409 ] 77 uvicorn.error - INFO - Application shutdown complete.
[ 2026-03-22 11:58:19,409 ] 85 uvicorn.error - INFO - Finished server process [32706]
