[ 2026-03-21 22:49:04,217 ] 1025 httpx - INFO - HTTP Request: GET https://dagshub.com/api/v1/user "HTTP/1.1 200 OK"
[ 2026-03-21 22:49:04,228 ] 107 dagshub - INFO - Accessing as darshanintech
[ 2026-03-21 22:49:05,548 ] 1025 httpx - INFO - HTTP Request: GET https://dagshub.com/api/v1/repos/darshanintech/MLOPS-Network_Security "HTTP/1.1 200 OK"
[ 2026-03-21 22:49:06,469 ] 1025 httpx - INFO - HTTP Request: GET https://dagshub.com/api/v1/user "HTTP/1.1 200 OK"
[ 2026-03-21 22:49:06,480 ] 107 dagshub - INFO - Initialized MLflow to track repo "darshanintech/MLOPS-Network_Security"
[ 2026-03-21 22:49:06,481 ] 107 dagshub - INFO - Repository darshanintech/MLOPS-Network_Security initialized!
[ 2026-03-21 22:49:06,481 ] 20 root - INFO - Initiate the data ingestion
[ 2026-03-21 22:49:08,818 ] 63 root - INFO - Performed train test split on the dataframe
[ 2026-03-21 22:49:08,818 ] 65 root - INFO - Exited split_data_as_train_test method of Data_Ingestion class
[ 2026-03-21 22:49:08,818 ] 73 root - INFO - Exporting train and test file path.
[ 2026-03-21 22:49:08,846 ] 82 root - INFO - Exported train and test file path.
[ 2026-03-21 22:49:08,846 ] 22 root - INFO - Data Initiation Completed
[ 2026-03-21 22:49:08,849 ] 26 root - INFO - Initiate the data Validation
[ 2026-03-21 22:49:08,860 ] 32 root - INFO - Required number of columns:2
[ 2026-03-21 22:49:08,860 ] 33 root - INFO - Data frame has columns:31
[ 2026-03-21 22:49:08,860 ] 32 root - INFO - Required number of columns:2
[ 2026-03-21 22:49:08,860 ] 33 root - INFO - Data frame has columns:31
[ 2026-03-21 22:49:08,965 ] 28 root - INFO - data Validation Completed
[ 2026-03-21 22:49:08,965 ] 31 root - INFO - data Transformation started
[ 2026-03-21 22:49:08,965 ] 63 root - INFO - Entered initiate_data_transformation method of DataTransformation class
[ 2026-03-21 22:49:08,965 ] 65 root - INFO - Starting data transformation
[ 2026-03-21 22:49:08,983 ] 48 root - INFO - Entered get_data_trnasformer_object method of Trnasformation class
[ 2026-03-21 22:49:08,984 ] 53 root - INFO - Initialise KNNImputer with {'missing_values': nan, 'n_neighbors': 3, 'weights': 'uniform'}
[ 2026-03-21 22:49:08,993 ] 46 root - INFO - Entered the save_object method of MainUtils class
[ 2026-03-21 22:49:09,000 ] 50 root - INFO - Exited the save_object method of MainUtils class
[ 2026-03-21 22:49:09,001 ] 46 root - INFO - Entered the save_object method of MainUtils class
[ 2026-03-21 22:49:09,009 ] 50 root - INFO - Exited the save_object method of MainUtils class
[ 2026-03-21 22:49:09,009 ] 35 root - INFO - data Transformation completed
[ 2026-03-21 22:49:09,010 ] 37 root - INFO - Model Training sstared
[ 2026-03-21 22:50:55,586 ] 95 root - INFO - Best model: Random Forest with score: 0.8969765955747264
[ 2026-03-21 22:51:27,768 ] 46 root - INFO - Entered the save_object method of MainUtils class
[ 2026-03-21 22:51:27,823 ] 50 root - INFO - Exited the save_object method of MainUtils class
[ 2026-03-21 22:51:27,823 ] 46 root - INFO - Entered the save_object method of MainUtils class
[ 2026-03-21 22:51:27,845 ] 50 root - INFO - Exited the save_object method of MainUtils class
[ 2026-03-21 22:51:27,845 ] 135 root - INFO - Model trainer artifact: ModelTrainerArtifact(trained_model_file_path='Artifacts/03_21_2026_22_49_01/model_trainer/trained_model/model.pkl', train_metric_artifact=ClassificationMetricArtifact(f1_score=0.9908666531357824, precision_score=0.9872598584428716, recall_score=0.9944998981462619), test_metric_artifact=ClassificationMetricArtifact(f1_score=0.9776179056754596, precision_score=0.9752791068580542, recall_score=0.9799679487179487))
[ 2026-03-21 22:51:27,847 ] 42 root - INFO - Model Training artifact created
