[ 2026-03-21 22:41:41,541 ] 1025 httpx - INFO - HTTP Request: GET https://dagshub.com/api/v1/user "HTTP/1.1 200 OK"
[ 2026-03-21 22:41:41,547 ] 107 dagshub - INFO - Accessing as darshanintech
[ 2026-03-21 22:41:42,454 ] 1025 httpx - INFO - HTTP Request: GET https://dagshub.com/api/v1/repos/darshanintech/MLOPS-Network_Security "HTTP/1.1 200 OK"
[ 2026-03-21 22:41:43,272 ] 1025 httpx - INFO - HTTP Request: GET https://dagshub.com/api/v1/user "HTTP/1.1 200 OK"
[ 2026-03-21 22:41:43,273 ] 107 dagshub - INFO - Initialized MLflow to track repo "darshanintech/MLOPS-Network_Security"
[ 2026-03-21 22:41:43,273 ] 107 dagshub - INFO - Repository darshanintech/MLOPS-Network_Security initialized!
[ 2026-03-21 22:41:43,273 ] 20 root - INFO - Initiate the data ingestion
[ 2026-03-21 22:41:45,536 ] 63 root - INFO - Performed train test split on the dataframe
[ 2026-03-21 22:41:45,536 ] 65 root - INFO - Exited split_data_as_train_test method of Data_Ingestion class
[ 2026-03-21 22:41:45,537 ] 73 root - INFO - Exporting train and test file path.
[ 2026-03-21 22:41:45,564 ] 82 root - INFO - Exported train and test file path.
[ 2026-03-21 22:41:45,564 ] 22 root - INFO - Data Initiation Completed
[ 2026-03-21 22:41:45,568 ] 26 root - INFO - Initiate the data Validation
[ 2026-03-21 22:41:45,582 ] 32 root - INFO - Required number of columns:2
[ 2026-03-21 22:41:45,583 ] 33 root - INFO - Data frame has columns:31
[ 2026-03-21 22:41:45,583 ] 32 root - INFO - Required number of columns:2
[ 2026-03-21 22:41:45,583 ] 33 root - INFO - Data frame has columns:31
[ 2026-03-21 22:41:45,680 ] 28 root - INFO - data Validation Completed
[ 2026-03-21 22:41:45,680 ] 31 root - INFO - data Transformation started
[ 2026-03-21 22:41:45,681 ] 63 root - INFO - Entered initiate_data_transformation method of DataTransformation class
[ 2026-03-21 22:41:45,681 ] 65 root - INFO - Starting data transformation
[ 2026-03-21 22:41:45,691 ] 48 root - INFO - Entered get_data_trnasformer_object method of Trnasformation class
[ 2026-03-21 22:41:45,691 ] 53 root - INFO - Initialise KNNImputer with {'missing_values': nan, 'n_neighbors': 3, 'weights': 'uniform'}
[ 2026-03-21 22:41:45,696 ] 46 root - INFO - Entered the save_object method of MainUtils class
[ 2026-03-21 22:41:45,703 ] 50 root - INFO - Exited the save_object method of MainUtils class
[ 2026-03-21 22:41:45,703 ] 46 root - INFO - Entered the save_object method of MainUtils class
[ 2026-03-21 22:41:45,712 ] 50 root - INFO - Exited the save_object method of MainUtils class
[ 2026-03-21 22:41:45,714 ] 35 root - INFO - data Transformation completed
[ 2026-03-21 22:41:45,714 ] 37 root - INFO - Model Training sstared
[ 2026-03-21 22:44:13,615 ] 46 root - INFO - Entered the save_object method of MainUtils class
[ 2026-03-21 22:44:13,661 ] 50 root - INFO - Exited the save_object method of MainUtils class
[ 2026-03-21 22:44:13,661 ] 46 root - INFO - Entered the save_object method of MainUtils class
[ 2026-03-21 22:44:13,691 ] 50 root - INFO - Exited the save_object method of MainUtils class
[ 2026-03-21 22:44:13,691 ] 134 root - INFO - Model trainer artifact: ModelTrainerArtifact(trained_model_file_path='Artifacts/03_21_2026_22_41_38/model_trainer/trained_model/model.pkl', train_metric_artifact=ClassificationMetricArtifact(f1_score=0.9914807302231238, precision_score=0.9896740230815955, recall_score=0.9932940459256249), test_metric_artifact=ClassificationMetricArtifact(f1_score=0.9734513274336283, precision_score=0.968, recall_score=0.9789644012944984))
[ 2026-03-21 22:44:13,694 ] 42 root - INFO - Model Training artifact created
